<?xml version="1.0" encoding="UTF-8"?>
<!-- Generated by org.testng.reporters.JUnitReportReporter -->
<testsuite hostname="LTPUSNY2061172" name="com.testmethods.TestClass" tests="7" failures="0" timestamp="22 Aug 2018 00:43:54 GMT" time="109.714" errors="0">
  <testcase name="validateEmployeeOverlayInfo" time="31.003" classname="com.testmethods.TestClass"/>
  <testcase name="validateEmployeeNames" time="0.042" classname="com.testmethods.TestClass"/>
  <testcase name="validateEmployeeBrokenImage" time="5.277" classname="com.testmethods.TestClass"/>
  <testcase name="validateEmployeeCount" time="30.974" classname="com.testmethods.TestClass"/>
  <testcase name="validateDepartmentNames" time="0.002" classname="com.testmethods.TestClass"/>
  <testcase name="searchBranchWebsite" time="30.167" classname="com.testmethods.TestClass"/>
  <testcase name="validateURLHttpStatusCode" time="12.249" classname="com.testmethods.TestClass"/>
</testsuite> <!-- com.testmethods.TestClass -->
