<?xml version="1.0" encoding="UTF-8"?>
<!-- Generated by org.testng.reporters.JUnitReportReporter -->
<testsuite hostname="LTPUSNY2061172" name="com.testmethods.TestClass" tests="7" failures="0" timestamp="22 Aug 2018 04:53:34 GMT" time="118.082" errors="0">
  <testcase name="validateEmployeeCount" time="35.368" classname="com.testmethods.TestClass"/>
  <testcase name="validateEmployeeBrokenImage" time="5.761" classname="com.testmethods.TestClass"/>
  <testcase name="validateDepartmentNames" time="0.009" classname="com.testmethods.TestClass"/>
  <testcase name="validateEmployeeNames" time="0.280" classname="com.testmethods.TestClass"/>
  <testcase name="validateEmployeeOverlayInfo" time="37.833" classname="com.testmethods.TestClass"/>
  <testcase name="searchBranchWebsite" time="20.037" classname="com.testmethods.TestClass"/>
  <testcase name="validateURLHttpStatusCode" time="18.794" classname="com.testmethods.TestClass"/>
</testsuite> <!-- com.testmethods.TestClass -->
